#
# A fatal error has been detected by the Java Runtime Environment:
#
#  EXCEPTION_ACCESS_VIOLATION (0xc0000005) at pc=0xffffffffa3b85120, pid=812, tid=9612
#
# JRE version: Java(TM) SE Runtime Environment (8.0_60-b27) (build 1.8.0_60-b27)
# Java VM: Java HotSpot(TM) 64-Bit Server VM (25.60-b23 mixed mode windows-amd64 compressed oops)
# Problematic frame:
# C  0xffffffffa3b85120
#
# Failed to write core dump. Minidumps are not enabled by default on client versions of Windows
#
# If you would like to submit a bug report, please visit:
#   http://bugreport.java.com/bugreport/crash.jsp
#

---------------  T H R E A D  ---------------

Current thread (0x000000000293d800):  JavaThread "main" [_thread_in_Java, id=9612, stack(0x0000000002790000,0x0000000002890000)]

siginfo: ExceptionCode=0xc0000005, ExceptionInformation=0x0000000000000008 0xffffffffa3b85120

Registers:
RAX=0x000000001486f910, RBX=0x000000001486f910, RCX=0x00000000eb5679d0, RDX=0x00000000eb5679d0
RSP=0x000000000288ec18, RBP=0x000000000288ec78, RSI=0x0000000014c383e0, RDI=0x00000001000808d8
R8 =0x00000000eb519020, R9 =0x00000000eb527608, R10=0x00000000713420f0, R11=0x0000000002d28fe0
R12=0x0000000000000000, R13=0x000000000288ec28, R14=0x000000000288ecd0, R15=0x000000000293d800
RIP=0xffffffffa3b85120, EFLAGS=0x0000000000010202

Top of Stack: (sp=0x000000000288ec18)
0x000000000288ec18:   0000000002b87245 0000000002b87245
0x000000000288ec28:   00000000eb519020 00000000eb5679d0
0x000000000288ec38:   000000000288ec38 0000000014ba0e5e
0x000000000288ec48:   000000000288ecd0 0000000014ba46d8
0x000000000288ec58:   0000000000000000 0000000014ba0fc8
0x000000000288ec68:   000000000288ec28 000000000288ecc8
0x000000000288ec78:   000000000288ed18 0000000002b87a2d
0x000000000288ec88:   0000000000000000 0000000000000000
0x000000000288ec98:   0000000000000000 00000000eb519020
0x000000000288eca8:   0000000000000001 00000000eb518f00
0x000000000288ecb8:   00000000eb518eb8 00000000eb567dd0
0x000000000288ecc8:   00000000eb5679d0 00000000eb516110
0x000000000288ecd8:   000000000288ecd8 0000000014bc6f96
0x000000000288ece8:   000000000288ed60 0000000014bc7680
0x000000000288ecf8:   0000000000000000 0000000014bc7018
0x000000000288ed08:   000000000288ecc8 000000000288ed60 

Instructions: (pc=0xffffffffa3b85120)
0xffffffffa3b85100:   
[error occurred during error reporting (printing registers, top of stack, instructions near pc), id 0xc0000005]

Register to memory mapping:

RAX={method} {0x000000001486f918} 'contains' '(Ljava/lang/Object;)Z' in 'java/util/HashSet'
RBX={method} {0x000000001486f918} 'contains' '(Ljava/lang/Object;)Z' in 'java/util/HashSet'
RCX=0x00000000eb5679d0 is an oop
java.util.HashSet 
 - klass: 'java/util/HashSet'
RDX=0x00000000eb5679d0 is an oop
java.util.HashSet 
 - klass: 'java/util/HashSet'
RSP=0x000000000288ec18 is pointing into the stack for thread: 0x000000000293d800
RBP=0x000000000288ec78 is pointing into the stack for thread: 0x000000000293d800
RSI=0x0000000014c383e0 is pointing into metadata
RDI=0x00000001000808d8 is pointing into metadata
R8 =0x00000000eb519020 is an oop
com.android.dx.ssa.NormalSsaInsn 
 - klass: 'com/android/dx/ssa/NormalSsaInsn'
R9 =0x00000000eb527608 is an oop
[Ljava.lang.Object; 
 - klass: 'java/lang/Object'[]
 - length: 162
R10=0x00000000713420f0 is an unknown value
R11=0x0000000002d28fe0 is at entry_point+32 in (nmethod*)0x0000000002d28e50
R12=0x0000000000000000 is an unknown value
R13=0x000000000288ec28 is pointing into the stack for thread: 0x000000000293d800
R14=0x000000000288ecd0 is pointing into the stack for thread: 0x000000000293d800
R15=0x000000000293d800 is a thread


Stack: [0x0000000002790000,0x0000000002890000],  sp=0x000000000288ec18,  free space=1019k
Native frames: (J=compiled Java code, j=interpreted, Vv=VM code, C=native code)
C  0xffffffffa3b85120


---------------  P R O C E S S  ---------------

Java Threads: ( => current thread )
  0x000000001506b000 JavaThread "Service Thread" daemon [_thread_blocked, id=9288, stack(0x0000000016230000,0x0000000016330000)]
  0x000000001505c800 JavaThread "C1 CompilerThread1" daemon [_thread_blocked, id=10852, stack(0x0000000016130000,0x0000000016230000)]
  0x0000000015009800 JavaThread "C2 CompilerThread0" daemon [_thread_blocked, id=10464, stack(0x0000000016030000,0x0000000016130000)]
  0x0000000015007800 JavaThread "Attach Listener" daemon [_thread_blocked, id=2676, stack(0x0000000015f30000,0x0000000016030000)]
  0x0000000002b7e800 JavaThread "Signal Dispatcher" daemon [_thread_blocked, id=10248, stack(0x0000000015e30000,0x0000000015f30000)]
  0x0000000002b6d000 JavaThread "Finalizer" daemon [_thread_blocked, id=12676, stack(0x0000000015c40000,0x0000000015d40000)]
  0x0000000002b6a800 JavaThread "Reference Handler" daemon [_thread_blocked, id=10460, stack(0x0000000015b40000,0x0000000015c40000)]
=>0x000000000293d800 JavaThread "main" [_thread_in_Java, id=9612, stack(0x0000000002790000,0x0000000002890000)]

Other Threads:
  0x0000000014fd5000 VMThread [stack: 0x0000000015a40000,0x0000000015b40000] [id=10244]
  0x000000001507f000 WatcherThread [stack: 0x0000000016330000,0x0000000016430000] [id=9128]

VM state:not at safepoint (normal execution)

VM Mutex/Monitor currently owned by a thread: None

Heap:
 PSYoungGen      total 38400K, used 10739K [0x00000000eab00000, 0x00000000ed580000, 0x0000000100000000)
  eden space 33280K, 32% used [0x00000000eab00000,0x00000000eb57ce80,0x00000000ecb80000)
  from space 5120K, 0% used [0x00000000ed080000,0x00000000ed080000,0x00000000ed580000)
  to   space 5120K, 0% used [0x00000000ecb80000,0x00000000ecb80000,0x00000000ed080000)
 ParOldGen       total 87552K, used 0K [0x00000000c0000000, 0x00000000c5580000, 0x00000000eab00000)
  object space 87552K, 0% used [0x00000000c0000000,0x00000000c0000000,0x00000000c5580000)
 Metaspace       used 5280K, capacity 6576K, committed 6784K, reserved 1056768K
  class space    used 554K, capacity 616K, committed 640K, reserved 1048576K

Card table byte_map: [0x0000000011f40000,0x0000000012150000] byte_map_base: 0x0000000011940000

Marking Bits: (ParMarkBitMap*) 0x000000007135a5b0
 Begin Bits: [0x00000000124b0000, 0x00000000134b0000)
 End Bits:   [0x00000000134b0000, 0x00000000144b0000)

Polling page: 0x0000000001040000

CodeCache: size=245760Kb used=2858Kb max_used=2870Kb free=242901Kb
 bounds [0x0000000002b80000, 0x0000000002e50000, 0x0000000011b80000]
 total_blobs=952 nmethods=689 adapters=178
 compilation: enabled

Compilation events (10 events):
Event: 0.848 Thread 0x000000001505c800  686       3       com.android.dx.ssa.SsaInsn::getLocalAssignment (24 bytes)
Event: 0.848 Thread 0x000000001505c800 nmethod 686 0x0000000002e48a10 code [0x0000000002e48b80, 0x0000000002e48e10]
Event: 0.848 Thread 0x000000001505c800  687       3       com.android.dx.ssa.PhiInsn::hasSideEffect (19 bytes)
Event: 0.848 Thread 0x000000001505c800 nmethod 687 0x0000000002e48ed0 code [0x0000000002e49040, 0x0000000002e49490]
Event: 0.849 Thread 0x000000001505c800  688       3       com.android.dx.ssa.SsaMethod::isRegALocal (90 bytes)
Event: 0.849 Thread 0x000000001505c800 nmethod 688 0x0000000002e49590 code [0x0000000002e497a0, 0x0000000002e4a408]
Event: 0.849 Thread 0x000000001505c800  689       1       com.android.dx.ssa.PhiInsn::getOriginalRopInsn (2 bytes)
Event: 0.850 Thread 0x000000001505c800 nmethod 689 0x0000000002e4a810 code [0x0000000002e4a960, 0x0000000002e4aa70]
Event: 0.850 Thread 0x0000000015009800 nmethod 684 0x0000000002e4dd50 code [0x0000000002e4dee0, 0x0000000002e4e538]
Event: 0.850 Thread 0x0000000015009800  685       4       com.android.dx.ssa.NormalSsaInsn::getOpcode (8 bytes)

GC Heap History (0 events):
No events

Deoptimization events (1 events):
Event: 0.740 Thread 0x000000000293d800 Uncommon trap: reason=unstable_if action=reinterpret pc=0x0000000002d83b88 method=java.util.HashMap.getNode(ILjava/lang/Object;)Ljava/util/HashMap$Node; @ 129

Internal exceptions (2 events):
Event: 0.053 Thread 0x000000000293d800 Exception <a 'java/lang/NoSuchMethodError': Method sun.misc.Unsafe.defineClass(Ljava/lang/String;[BII)Ljava/lang/Class; name or signature does not match> (0x00000000eab0d4b8) thrown at [C:\re\workspace\8-2-build-windows-amd64-cygwin\jdk8u60\4407\hotspot\srþŸƒŒÞ-«?
Event: 0.053 Thread 0x000000000293d800 Exception <a 'java/lang/NoSuchMethodError': Method sun.misc.Unsafe.prefetchRead(Ljava/lang/Object;J)V name or signature does not match> (0x00000000eab0d7a0) thrown at [C:\re\workspace\8-2-build-windows-amd64-cygwin\jdk8u60\4407\hotspot\src\share\vm\prims\j

Events (10 events):
Event: 0.670 loading class com/android/dx/cf/direct/DirectClassFile$DcfTypeList done
Event: 0.708 loading class com/android/dx/cf/attrib/AttExceptions
Event: 0.708 loading class com/android/dx/cf/attrib/AttExceptions done
Event: 0.740 Thread 0x000000000293d800 Uncommon trap: trap_request=0xffffff65 fr.pc=0x0000000002d83b88
Event: 0.740 Thread 0x000000000293d800 DEOPT PACKING pc=0x0000000002d83b88 sp=0x000000000288e630
Event: 0.740 Thread 0x000000000293d800 DEOPT UNPACKING pc=0x0000000002bc556a sp=0x000000000288e5a8 mode 2
Event: 0.820 loading class com/android/dx/rop/cst/CstArray$List
Event: 0.820 loading class com/android/dx/rop/cst/CstArray$List done
Event: 0.821 loading class com/android/dx/dex/file/MethodAnnotationStruct
Event: 0.821 loading class com/android/dx/dex/file/MethodAnnotationStruct done


Dynamic libraries:
0x00007ff66a490000 - 0x00007ff66a4c7000 	C:\Program Files\Java\jdk1.8.0_60\bin\java.exe
0x00007ffbdbab0000 - 0x00007ffbdbc81000 	C:\WINDOWS\SYSTEM32\ntdll.dll
0x00007ffbd98c0000 - 0x00007ffbd996b000 	C:\WINDOWS\System32\KERNEL32.DLL
0x00007ffbd8020000 - 0x00007ffbd823d000 	C:\WINDOWS\System32\KERNELBASE.dll
0x00007ffbd91f0000 - 0x00007ffbd9292000 	C:\WINDOWS\System32\ADVAPI32.dll
0x00007ffbdb130000 - 0x00007ffbdb1ce000 	C:\WINDOWS\System32\msvcrt.dll
0x00007ffbd9190000 - 0x00007ffbd91e9000 	C:\WINDOWS\System32\sechost.dll
0x00007ffbd96d0000 - 0x00007ffbd97f1000 	C:\WINDOWS\System32\RPCRT4.dll
0x00007ffbd9020000 - 0x00007ffbd9185000 	C:\WINDOWS\System32\USER32.dll
0x00007ffbd8920000 - 0x00007ffbd893e000 	C:\WINDOWS\System32\win32u.dll
0x00007ffbdb050000 - 0x00007ffbdb084000 	C:\WINDOWS\System32\GDI32.dll
0x00007ffbd8e90000 - 0x00007ffbd9012000 	C:\WINDOWS\System32\gdi32full.dll
0x00007ffbd11f0000 - 0x00007ffbd1469000 	C:\WINDOWS\WinSxS\amd64_microsoft.windows.common-controls_6595b64144ccf1df_6.0.14393.0_none_2d0f50fcbdb171b8\COMCTL32.dll
0x00007ffbd92a0000 - 0x00007ffbd9567000 	C:\WINDOWS\System32\combase.dll
0x00007ffbd89a0000 - 0x00007ffbd8a95000 	C:\WINDOWS\System32\ucrtbase.dll
0x00007ffbd8c50000 - 0x00007ffbd8cba000 	C:\WINDOWS\System32\bcryptPrimitives.dll
0x00007ffbdba70000 - 0x00007ffbdba9e000 	C:\WINDOWS\System32\IMM32.DLL
0x0000000070680000 - 0x0000000070752000 	C:\Program Files\Java\jdk1.8.0_60\jre\bin\msvcr100.dll
0x0000000070b50000 - 0x00000000713d9000 	C:\Program Files\Java\jdk1.8.0_60\jre\bin\server\jvm.dll
0x00007ffbdbaa0000 - 0x00007ffbdbaa8000 	C:\WINDOWS\System32\PSAPI.DLL
0x00007ffbca7c0000 - 0x00007ffbca7c9000 	C:\WINDOWS\SYSTEM32\WSOCK32.dll
0x00007ffbd9970000 - 0x00007ffbd99da000 	C:\WINDOWS\System32\WS2_32.dll
0x00007ffbd6420000 - 0x00007ffbd6443000 	C:\WINDOWS\SYSTEM32\WINMM.dll
0x00007ffbd4250000 - 0x00007ffbd425a000 	C:\WINDOWS\SYSTEM32\VERSION.dll
0x00007ffbd63f0000 - 0x00007ffbd641b000 	C:\WINDOWS\SYSTEM32\WINMMBASE.dll
0x00007ffbd8c00000 - 0x00007ffbd8c42000 	C:\WINDOWS\System32\cfgmgr32.dll
0x0000000070b40000 - 0x0000000070b4f000 	C:\Program Files\Java\jdk1.8.0_60\jre\bin\verify.dll
0x0000000070b10000 - 0x0000000070b39000 	C:\Program Files\Java\jdk1.8.0_60\jre\bin\java.dll
0x0000000070af0000 - 0x0000000070b06000 	C:\Program Files\Java\jdk1.8.0_60\jre\bin\zip.dll
0x00007ffbd9a40000 - 0x00007ffbdaf48000 	C:\WINDOWS\System32\SHELL32.dll
0x00007ffbd8240000 - 0x00007ffbd891a000 	C:\WINDOWS\System32\windows.storage.dll
0x00007ffbd7fc0000 - 0x00007ffbd800c000 	C:\WINDOWS\System32\powrprof.dll
0x00007ffbdb270000 - 0x00007ffbdb2c2000 	C:\WINDOWS\System32\shlwapi.dll
0x00007ffbd8010000 - 0x00007ffbd801f000 	C:\WINDOWS\System32\kernel.appcore.dll
0x00007ffbd8aa0000 - 0x00007ffbd8b49000 	C:\WINDOWS\System32\shcore.dll
0x00007ffbd7fa0000 - 0x00007ffbd7fb4000 	C:\WINDOWS\System32\profapi.dll
0x00007ffbd1020000 - 0x00007ffbd11b2000 	C:\WINDOWS\SYSTEM32\dbghelp.dll

VM Arguments:
jvm_args: -Djava.awt.headless=true -Xmx1024M -Dfile.encoding=windows-1252 -Duser.country=US -Duser.language=en -Duser.variant 
java_command: com.android.dx.command.Main --dex --force-jumbo --multi-dex --output E:\Desktop\Ubiquitious\project\Sunshine-7.05_watch\app\build\intermediates\transforms\dex\debug\folders\1000\10\instant-run_292424e56da0e37d9bf4148cd4d4f94d6a8748c2 E:\Desktop\Ubiquitious\project\Sunshine-7.05_watch\app\build\intermediates\incremental-runtime-classes\debug\instant-run.jar
java_class_path (initial): E:\android_sdk\build-tools\22.0.1\lib\dx.jar
Launcher Type: SUN_STANDARD

Environment Variables:
JAVA_HOME=C:\Program Files (x86)\Java\jdk1.7.0_25
PATH=C:\Program Files (x86)\NVIDIA Corporation\PhysX\Common;C:\ProgramData\Oracle\Java\javapath;C:\Windows\system32;C:\Windows;C:\Windows\System32\Wbem;C:\Windows\System32\WindowsPowerShell\v1.0\;C:\Program Files\Microsoft SQL Server\110\Tools\Binn\;C:\EnPython;C:\EnPython\Scripts;C:\adb;C:\WINDOWS\system32;C:\WINDOWS;C:\WINDOWS\System32\Wbem;C:\WINDOWS\System32\WindowsPowerShell\v1.0\;C:\EnPython;C:\EnPython\Scripts;C:\Program Files\Java\jdk1.8.0_60\bin;C:\gradle-2.12\bin\
USERNAME=Jasen Sanders
OS=Windows_NT
PROCESSOR_IDENTIFIER=Intel64 Family 6 Model 23 Stepping 6, GenuineIntel



---------------  S Y S T E M  ---------------

OS: Windows 10.0 , 64 bit Build 14393 (10.0.14393.0)

CPU:total 2 (2 cores per cpu, 1 threads per core) family 6 model 23 stepping 6, cmov, cx8, fxsr, mmx, sse, sse2, sse3, ssse3, sse4.1, tsc

Memory: 4k page, physical 8386012k(3695688k free), swap 16774620k(9791312k free)

vm_info: Java HotSpot(TM) 64-Bit Server VM (25.60-b23) for windows-amd64 JRE (1.8.0_60-b27), built on Aug  4 2015 11:06:27 by "java_re" with MS VC++ 10.0 (VS2010)

time: Sun Aug 28 00:23:39 2016
elapsed time: 0 seconds (0d 0h 0m 0s)

